2026/03/13 00:01:13 Logging to file: restreamer_2026-03-13.log
2026/03/13 00:01:13 Starting Go RTSP Restreamer...
2026/03/13 00:01:13 [StreamManager] Loaded 1 cameras into cache
2026/03/13 00:01:13 RTSP Server listening on :8554
2026/03/13 00:01:13 Streaming Mode: OnDemand=false
[GIN-debug] [WARNING] Creating an Engine instance with the Logger and Recovery middleware already attached.

[GIN-debug] [WARNING] Running in "debug" mode. Switch to "release" mode in production.
 - using env:	export GIN_MODE=release
 - using code:	gin.SetMode(gin.ReleaseMode)

[GIN-debug] GET    /                         --> go-restremer/api.InitRouter.func1 (3 handlers)
[GIN-debug] GET    /index.html               --> go-restremer/api.InitRouter.func2 (3 handlers)
[GIN-debug] GET    /metrics                  --> go-restremer/api.InitRouter.WrapH.func3 (3 handlers)
[GIN-debug] GET    /api/cameras              --> go-restremer/api.getCameras (3 handlers)
[GIN-debug] POST   /api/cameras              --> go-restremer/api.createCamera (3 handlers)
[GIN-debug] GET    /api/streams              --> go-restremer/api.getActiveStreams (3 handlers)
[GIN-debug] GET    /api/status               --> go-restremer/api.getStatusSummary (3 handlers)
[GIN-debug] POST   /api/transcode            --> go-restremer/api.handleTranscodeRequest (3 handlers)
[GIN-debug] GET    /api/config               --> go-restremer/api.getConfig (3 handlers)
[GIN-debug] GET    /api/network              --> go-restremer/api.getNetworkStats (3 handlers)
[GIN-debug] POST   /api/system/settings      --> go-restremer/api.updateSystemSettings (3 handlers)
[GIN-debug] GET    /api/debug                --> go-restremer/api.getDebugInfo (3 handlers)
[GIN-debug] [WARNING] You trusted all proxies, this is NOT safe. We recommend you to set a value.
Please check https://github.com/gin-gonic/gin/blob/master/docs/doc.md#dont-trust-all-proxies for details.
[GIN-debug] Listening and serving HTTP on :8080
2026/03/13 00:09:22 Logging to file: restreamer_2026-03-13.log
2026/03/13 00:09:22 Starting Go RTSP Restreamer...
2026/03/13 00:09:23 [StreamManager] Loaded 1 cameras into cache
2026/03/13 00:09:23 RTSP Server listening on :8554
2026/03/13 00:09:23 Streaming Mode: OnDemand=false
[GIN-debug] [WARNING] Creating an Engine instance with the Logger and Recovery middleware already attached.

[GIN-debug] [WARNING] Running in "debug" mode. Switch to "release" mode in production.
 - using env:	export GIN_MODE=release
 - using code:	gin.SetMode(gin.ReleaseMode)

[GIN-debug] GET    /                         --> go-restremer/api.InitRouter.func1 (3 handlers)
[GIN-debug] GET    /index.html               --> go-restremer/api.InitRouter.func2 (3 handlers)
[GIN-debug] GET    /metrics                  --> go-restremer/api.InitRouter.WrapH.func3 (3 handlers)
[GIN-debug] GET    /api/cameras              --> go-restremer/api.getCameras (3 handlers)
[GIN-debug] POST   /api/cameras              --> go-restremer/api.createCamera (3 handlers)
[GIN-debug] GET    /api/streams              --> go-restremer/api.getActiveStreams (3 handlers)
[GIN-debug] GET    /api/status               --> go-restremer/api.getStatusSummary (3 handlers)
[GIN-debug] POST   /api/transcode            --> go-restremer/api.handleTranscodeRequest (3 handlers)
[GIN-debug] GET    /api/config               --> go-restremer/api.getConfig (3 handlers)
[GIN-debug] GET    /api/network              --> go-restremer/api.getNetworkStats (3 handlers)
[GIN-debug] POST   /api/system/settings      --> go-restremer/api.updateSystemSettings (3 handlers)
[GIN-debug] GET    /api/debug                --> go-restremer/api.getDebugInfo (3 handlers)
[GIN-debug] [WARNING] You trusted all proxies, this is NOT safe. We recommend you to set a value.
Please check https://github.com/gin-gonic/gin/blob/master/docs/doc.md#dont-trust-all-proxies for details.
[GIN-debug] Listening and serving HTTP on :8080
2026/03/13 00:16:19 Logging to file: restreamer_2026-03-13.log
2026/03/13 00:16:19 Starting Go RTSP Restreamer...
2026/03/13 00:16:19 [StreamManager] Loaded 2 cameras into cache
2026/03/13 00:16:19 RTSP Server listening on :8554
2026/03/13 00:16:19 Streaming Mode: OnDemand=false
[GIN-debug] [WARNING] Creating an Engine instance with the Logger and Recovery middleware already attached.

[GIN-debug] [WARNING] Running in "debug" mode. Switch to "release" mode in production.
 - using env:	export GIN_MODE=release
 - using code:	gin.SetMode(gin.ReleaseMode)

[GIN-debug] GET    /                         --> go-restremer/api.InitRouter.func1 (3 handlers)
[GIN-debug] GET    /index.html               --> go-restremer/api.InitRouter.func2 (3 handlers)
[GIN-debug] GET    /metrics                  --> go-restremer/api.InitRouter.WrapH.func3 (3 handlers)
[GIN-debug] GET    /api/cameras              --> go-restremer/api.getCameras (3 handlers)
[GIN-debug] POST   /api/cameras              --> go-restremer/api.createCamera (3 handlers)
[GIN-debug] GET    /api/streams              --> go-restremer/api.getActiveStreams (3 handlers)
[GIN-debug] GET    /api/status               --> go-restremer/api.getStatusSummary (3 handlers)
[GIN-debug] POST   /api/transcode            --> go-restremer/api.handleTranscodeRequest (3 handlers)
[GIN-debug] GET    /api/config               --> go-restremer/api.getConfig (3 handlers)
[GIN-debug] GET    /api/network              --> go-restremer/api.getNetworkStats (3 handlers)
[GIN-debug] POST   /api/system/settings      --> go-restremer/api.updateSystemSettings (3 handlers)
[GIN-debug] GET    /api/debug                --> go-restremer/api.getDebugInfo (3 handlers)
[GIN-debug] [WARNING] You trusted all proxies, this is NOT safe. We recommend you to set a value.
Please check https://github.com/gin-gonic/gin/blob/master/docs/doc.md#dont-trust-all-proxies for details.
[GIN-debug] Listening and serving HTTP on :8080
2026/03/13 00:38:57 Logging to file: restreamer_2026-03-13.log
2026/03/13 00:38:57 Starting Go RTSP Restreamer...
2026/03/13 00:38:58 [StreamManager] Loaded 2 cameras into cache
2026/03/13 00:38:58 RTSP Server listening on :8554
2026/03/13 00:38:58 Streaming Mode: OnDemand=false
[GIN-debug] [WARNING] Creating an Engine instance with the Logger and Recovery middleware already attached.

[GIN-debug] [WARNING] Running in "debug" mode. Switch to "release" mode in production.
 - using env:	export GIN_MODE=release
 - using code:	gin.SetMode(gin.ReleaseMode)

[GIN-debug] GET    /                         --> go-restremer/api.InitRouter.func1 (3 handlers)
[GIN-debug] GET    /index.html               --> go-restremer/api.InitRouter.func2 (3 handlers)
[GIN-debug] GET    /metrics                  --> go-restremer/api.InitRouter.WrapH.func3 (3 handlers)
[GIN-debug] GET    /api/cameras              --> go-restremer/api.getCameras (3 handlers)
[GIN-debug] POST   /api/cameras              --> go-restremer/api.createCamera (3 handlers)
[GIN-debug] GET    /api/streams              --> go-restremer/api.getActiveStreams (3 handlers)
[GIN-debug] GET    /api/status               --> go-restremer/api.getStatusSummary (3 handlers)
[GIN-debug] POST   /api/transcode            --> go-restremer/api.handleTranscodeRequest (3 handlers)
[GIN-debug] GET    /api/config               --> go-restremer/api.getConfig (3 handlers)
[GIN-debug] GET    /api/network              --> go-restremer/api.getNetworkStats (3 handlers)
[GIN-debug] POST   /api/system/settings      --> go-restremer/api.updateSystemSettings (3 handlers)
[GIN-debug] GET    /api/debug                --> go-restremer/api.getDebugInfo (3 handlers)
[GIN-debug] [WARNING] You trusted all proxies, this is NOT safe. We recommend you to set a value.
Please check https://github.com/gin-gonic/gin/blob/master/docs/doc.md#dont-trust-all-proxies for details.
[GIN-debug] Listening and serving HTTP on :8080
2026/03/13 01:05:30 Logging to file: restreamer_2026-03-13.log
2026/03/13 01:05:30 Starting Go RTSP Restreamer...
2026/03/13 01:05:30 [StreamManager] Loaded 0 cameras into cache
2026/03/13 01:05:30 RTSP Server listening on :8554
2026/03/13 01:05:30 Streaming Mode: OnDemand=false
[GIN-debug] [WARNING] Creating an Engine instance with the Logger and Recovery middleware already attached.

[GIN-debug] [WARNING] Running in "debug" mode. Switch to "release" mode in production.
 - using env:	export GIN_MODE=release
 - using code:	gin.SetMode(gin.ReleaseMode)

[GIN-debug] GET    /                         --> go-restremer/api.InitRouter.func1 (3 handlers)
[GIN-debug] GET    /index.html               --> go-restremer/api.InitRouter.func2 (3 handlers)
[GIN-debug] GET    /metrics                  --> go-restremer/api.InitRouter.WrapH.func3 (3 handlers)
[GIN-debug] GET    /api/cameras              --> go-restremer/api.getCameras (3 handlers)
[GIN-debug] POST   /api/cameras              --> go-restremer/api.createCamera (3 handlers)
[GIN-debug] GET    /api/streams              --> go-restremer/api.getActiveStreams (3 handlers)
[GIN-debug] GET    /api/status               --> go-restremer/api.getStatusSummary (3 handlers)
[GIN-debug] POST   /api/transcode            --> go-restremer/api.handleTranscodeRequest (3 handlers)
[GIN-debug] GET    /api/config               --> go-restremer/api.getConfig (3 handlers)
[GIN-debug] GET    /api/network              --> go-restremer/api.getNetworkStats (3 handlers)
[GIN-debug] POST   /api/system/settings      --> go-restremer/api.updateSystemSettings (3 handlers)
[GIN-debug] GET    /api/debug                --> go-restremer/api.getDebugInfo (3 handlers)
[GIN-debug] [WARNING] You trusted all proxies, this is NOT safe. We recommend you to set a value.
Please check https://github.com/gin-gonic/gin/blob/master/docs/doc.md#dont-trust-all-proxies for details.
[GIN-debug] Listening and serving HTTP on :8080
2026/03/13 03:28:20 Logging to file: restreamer_2026-03-13.log
2026/03/13 03:28:20 Starting Go RTSP Restreamer...
2026/03/13 03:28:20 [StreamManager] Loaded 1 cameras into cache
2026/03/13 03:28:20 RTSP Server listening on :8554
2026/03/13 03:28:20 Streaming Mode: OnDemand=false
[GIN-debug] [WARNING] Creating an Engine instance with the Logger and Recovery middleware already attached.

[GIN-debug] [WARNING] Running in "debug" mode. Switch to "release" mode in production.
 - using env:	export GIN_MODE=release
 - using code:	gin.SetMode(gin.ReleaseMode)

[GIN-debug] GET    /                         --> go-restremer/api.InitRouter.func1 (3 handlers)
[GIN-debug] GET    /index.html               --> go-restremer/api.InitRouter.func2 (3 handlers)
[GIN-debug] GET    /metrics                  --> go-restremer/api.InitRouter.WrapH.func3 (3 handlers)
[GIN-debug] GET    /api/cameras              --> go-restremer/api.getCameras (3 handlers)
[GIN-debug] POST   /api/cameras              --> go-restremer/api.createCamera (3 handlers)
[GIN-debug] GET    /api/streams              --> go-restremer/api.getActiveStreams (3 handlers)
[GIN-debug] GET    /api/status               --> go-restremer/api.getStatusSummary (3 handlers)
[GIN-debug] POST   /api/transcode            --> go-restremer/api.handleTranscodeRequest (3 handlers)
[GIN-debug] GET    /api/config               --> go-restremer/api.getConfig (3 handlers)
[GIN-debug] GET    /api/network              --> go-restremer/api.getNetworkStats (3 handlers)
[GIN-debug] POST   /api/system/settings      --> go-restremer/api.updateSystemSettings (3 handlers)
[GIN-debug] GET    /api/debug                --> go-restremer/api.getDebugInfo (3 handlers)
[GIN-debug] [WARNING] You trusted all proxies, this is NOT safe. We recommend you to set a value.
Please check https://github.com/gin-gonic/gin/blob/master/docs/doc.md#dont-trust-all-proxies for details.
[GIN-debug] Listening and serving HTTP on :8080
2026/03/13 13:42:31 Logging to file: restreamer_2026-03-13.log
2026/03/13 13:42:31 Starting Go RTSP Restreamer...
2026/03/13 13:42:31 [StreamManager] Loaded 1 cameras into cache
2026/03/13 13:42:31 RTSP Server listening on :8554
2026/03/13 13:42:31 Streaming Mode: OnDemand=false
[GIN-debug] [WARNING] Creating an Engine instance with the Logger and Recovery middleware already attached.

[GIN-debug] [WARNING] Running in "debug" mode. Switch to "release" mode in production.
 - using env:	export GIN_MODE=release
 - using code:	gin.SetMode(gin.ReleaseMode)

[GIN-debug] GET    /                         --> go-restremer/api.InitRouter.func1 (3 handlers)
[GIN-debug] GET    /index.html               --> go-restremer/api.InitRouter.func2 (3 handlers)
[GIN-debug] GET    /metrics                  --> go-restremer/api.InitRouter.WrapH.func3 (3 handlers)
[GIN-debug] GET    /api/cameras              --> go-restremer/api.getCameras (3 handlers)
[GIN-debug] POST   /api/cameras              --> go-restremer/api.createCamera (3 handlers)
[GIN-debug] GET    /api/streams              --> go-restremer/api.getActiveStreams (3 handlers)
[GIN-debug] GET    /api/status               --> go-restremer/api.getStatusSummary (3 handlers)
[GIN-debug] POST   /api/transcode            --> go-restremer/api.handleTranscodeRequest (3 handlers)
[GIN-debug] GET    /api/config               --> go-restremer/api.getConfig (3 handlers)
[GIN-debug] GET    /api/network              --> go-restremer/api.getNetworkStats (3 handlers)
[GIN-debug] POST   /api/system/settings      --> go-restremer/api.updateSystemSettings (3 handlers)
[GIN-debug] GET    /api/debug                --> go-restremer/api.getDebugInfo (3 handlers)
[GIN-debug] [WARNING] You trusted all proxies, this is NOT safe. We recommend you to set a value.
Please check https://github.com/gin-gonic/gin/blob/master/docs/doc.md#dont-trust-all-proxies for details.
[GIN-debug] Listening and serving HTTP on :8080
2026/03/13 15:08:58 Logging to file: restreamer_2026-03-13.log
2026/03/13 15:08:58 Starting Go RTSP Restreamer...
2026/03/13 15:08:58 [StreamManager] Loaded 2 cameras into cache
2026/03/13 15:08:58 RTSP Server listening on :8554
2026/03/13 15:08:58 Streaming Mode: OnDemand=false
[GIN-debug] [WARNING] Creating an Engine instance with the Logger and Recovery middleware already attached.

[GIN-debug] [WARNING] Running in "debug" mode. Switch to "release" mode in production.
 - using env:	export GIN_MODE=release
 - using code:	gin.SetMode(gin.ReleaseMode)

[GIN-debug] GET    /                         --> go-restremer/api.InitRouter.func1 (3 handlers)
[GIN-debug] GET    /index.html               --> go-restremer/api.InitRouter.func2 (3 handlers)
[GIN-debug] GET    /metrics                  --> go-restremer/api.InitRouter.WrapH.func3 (3 handlers)
[GIN-debug] GET    /api/cameras              --> go-restremer/api.getCameras (3 handlers)
[GIN-debug] POST   /api/cameras              --> go-restremer/api.createCamera (3 handlers)
[GIN-debug] GET    /api/streams              --> go-restremer/api.getActiveStreams (3 handlers)
[GIN-debug] GET    /api/status               --> go-restremer/api.getStatusSummary (3 handlers)
[GIN-debug] POST   /api/transcode            --> go-restremer/api.handleTranscodeRequest (3 handlers)
[GIN-debug] GET    /api/config               --> go-restremer/api.getConfig (3 handlers)
[GIN-debug] GET    /api/network              --> go-restremer/api.getNetworkStats (3 handlers)
[GIN-debug] POST   /api/system/settings      --> go-restremer/api.updateSystemSettings (3 handlers)
[GIN-debug] GET    /api/debug                --> go-restremer/api.getDebugInfo (3 handlers)
[GIN-debug] [WARNING] You trusted all proxies, this is NOT safe. We recommend you to set a value.
Please check https://github.com/gin-gonic/gin/blob/master/docs/doc.md#dont-trust-all-proxies for details.
[GIN-debug] Listening and serving HTTP on :8080
2026/03/13 16:33:30 Logging to file: restreamer_2026-03-13.log
2026/03/13 16:33:30 Starting Go RTSP Restreamer...
2026/03/13 16:33:30 [StreamManager] Loaded 0 cameras into cache
2026/03/13 16:33:30 RTSP Server listening on :8554
2026/03/13 16:33:30 Streaming Mode: OnDemand=false
[GIN-debug] [WARNING] Creating an Engine instance with the Logger and Recovery middleware already attached.

[GIN-debug] [WARNING] Running in "debug" mode. Switch to "release" mode in production.
 - using env:	export GIN_MODE=release
 - using code:	gin.SetMode(gin.ReleaseMode)

[GIN-debug] GET    /                         --> go-restremer/api.InitRouter.func1 (3 handlers)
[GIN-debug] GET    /index.html               --> go-restremer/api.InitRouter.func2 (3 handlers)
[GIN-debug] GET    /metrics                  --> go-restremer/api.InitRouter.WrapH.func3 (3 handlers)
[GIN-debug] GET    /api/cameras              --> go-restremer/api.getCameras (3 handlers)
[GIN-debug] POST   /api/cameras              --> go-restremer/api.createCamera (3 handlers)
[GIN-debug] GET    /api/streams              --> go-restremer/api.getActiveStreams (3 handlers)
[GIN-debug] GET    /api/status               --> go-restremer/api.getStatusSummary (3 handlers)
[GIN-debug] POST   /api/transcode            --> go-restremer/api.handleTranscodeRequest (3 handlers)
[GIN-debug] GET    /api/config               --> go-restremer/api.getConfig (3 handlers)
[GIN-debug] GET    /api/network              --> go-restremer/api.getNetworkStats (3 handlers)
[GIN-debug] POST   /api/system/settings      --> go-restremer/api.updateSystemSettings (3 handlers)
[GIN-debug] GET    /api/debug                --> go-restremer/api.getDebugInfo (3 handlers)
[GIN-debug] [WARNING] You trusted all proxies, this is NOT safe. We recommend you to set a value.
Please check https://github.com/gin-gonic/gin/blob/master/docs/doc.md#dont-trust-all-proxies for details.
[GIN-debug] Listening and serving HTTP on :8080
2026/03/13 16:57:17 Logging to file: restreamer_2026-03-13.log
2026/03/13 16:57:17 Starting Go RTSP Restreamer...
2026/03/13 16:57:17 [StreamManager] Loaded 0 cameras into cache
2026/03/13 16:57:17 RTSP Server listening on :8554
2026/03/13 16:57:17 Streaming Mode: OnDemand=false
[GIN-debug] [WARNING] Creating an Engine instance with the Logger and Recovery middleware already attached.

[GIN-debug] [WARNING] Running in "debug" mode. Switch to "release" mode in production.
 - using env:	export GIN_MODE=release
 - using code:	gin.SetMode(gin.ReleaseMode)

[GIN-debug] GET    /                         --> go-restremer/api.InitRouter.func1 (3 handlers)
[GIN-debug] GET    /index.html               --> go-restremer/api.InitRouter.func2 (3 handlers)
[GIN-debug] GET    /metrics                  --> go-restremer/api.InitRouter.WrapH.func3 (3 handlers)
[GIN-debug] GET    /api/cameras              --> go-restremer/api.getCameras (3 handlers)
[GIN-debug] POST   /api/cameras              --> go-restremer/api.createCamera (3 handlers)
[GIN-debug] GET    /api/streams              --> go-restremer/api.getActiveStreams (3 handlers)
[GIN-debug] GET    /api/status               --> go-restremer/api.getStatusSummary (3 handlers)
[GIN-debug] POST   /api/transcode            --> go-restremer/api.handleTranscodeRequest (3 handlers)
[GIN-debug] GET    /api/config               --> go-restremer/api.getConfig (3 handlers)
[GIN-debug] GET    /api/network              --> go-restremer/api.getNetworkStats (3 handlers)
[GIN-debug] POST   /api/system/settings      --> go-restremer/api.updateSystemSettings (3 handlers)
[GIN-debug] GET    /api/debug                --> go-restremer/api.getDebugInfo (3 handlers)
[GIN-debug] [WARNING] You trusted all proxies, this is NOT safe. We recommend you to set a value.
Please check https://github.com/gin-gonic/gin/blob/master/docs/doc.md#dont-trust-all-proxies for details.
[GIN-debug] Listening and serving HTTP on :8080
2026/03/13 17:44:57 Logging to file: restreamer_2026-03-13.log
2026/03/13 17:44:57 Starting Go RTSP Restreamer...
2026/03/13 17:44:57 [StreamManager] Loaded 1 cameras into cache
2026/03/13 17:44:57 RTSP Server listening on :8554
2026/03/13 17:44:57 Streaming Mode: OnDemand=false
[GIN-debug] [WARNING] Creating an Engine instance with the Logger and Recovery middleware already attached.

[GIN-debug] [WARNING] Running in "debug" mode. Switch to "release" mode in production.
 - using env:	export GIN_MODE=release
 - using code:	gin.SetMode(gin.ReleaseMode)

[GIN-debug] GET    /                         --> go-restremer/api.InitRouter.func1 (3 handlers)
[GIN-debug] GET    /index.html               --> go-restremer/api.InitRouter.func2 (3 handlers)
[GIN-debug] GET    /metrics                  --> go-restremer/api.InitRouter.WrapH.func3 (3 handlers)
[GIN-debug] GET    /api/cameras              --> go-restremer/api.getCameras (3 handlers)
[GIN-debug] POST   /api/cameras              --> go-restremer/api.createCamera (3 handlers)
[GIN-debug] GET    /api/streams              --> go-restremer/api.getActiveStreams (3 handlers)
[GIN-debug] GET    /api/status               --> go-restremer/api.getStatusSummary (3 handlers)
[GIN-debug] POST   /api/transcode            --> go-restremer/api.handleTranscodeRequest (3 handlers)
[GIN-debug] GET    /api/config               --> go-restremer/api.getConfig (3 handlers)
[GIN-debug] GET    /api/network              --> go-restremer/api.getNetworkStats (3 handlers)
[GIN-debug] POST   /api/system/settings      --> go-restremer/api.updateSystemSettings (3 handlers)
[GIN-debug] GET    /api/debug                --> go-restremer/api.getDebugInfo (3 handlers)
[GIN-debug] [WARNING] You trusted all proxies, this is NOT safe. We recommend you to set a value.
Please check https://github.com/gin-gonic/gin/blob/master/docs/doc.md#dont-trust-all-proxies for details.
[GIN-debug] Listening and serving HTTP on :8080
2026/03/13 18:28:56 Logging to file: restreamer_2026-03-13.log
2026/03/13 18:28:56 Starting Go RTSP Restreamer...
2026/03/13 18:28:56 [StreamManager] Loaded 2 cameras into cache
2026/03/13 18:28:57 RTSP Server listening on :8554
2026/03/13 18:28:57 Streaming Mode: OnDemand=false
[GIN-debug] [WARNING] Creating an Engine instance with the Logger and Recovery middleware already attached.

[GIN-debug] [WARNING] Running in "debug" mode. Switch to "release" mode in production.
 - using env:	export GIN_MODE=release
 - using code:	gin.SetMode(gin.ReleaseMode)

[GIN-debug] GET    /                         --> go-restremer/api.InitRouter.func1 (3 handlers)
[GIN-debug] GET    /index.html               --> go-restremer/api.InitRouter.func2 (3 handlers)
[GIN-debug] GET    /metrics                  --> go-restremer/api.InitRouter.WrapH.func3 (3 handlers)
[GIN-debug] GET    /api/cameras              --> go-restremer/api.getCameras (3 handlers)
[GIN-debug] POST   /api/cameras              --> go-restremer/api.createCamera (3 handlers)
[GIN-debug] GET    /api/streams              --> go-restremer/api.getActiveStreams (3 handlers)
[GIN-debug] GET    /api/status               --> go-restremer/api.getStatusSummary (3 handlers)
[GIN-debug] POST   /api/transcode            --> go-restremer/api.handleTranscodeRequest (3 handlers)
[GIN-debug] GET    /api/config               --> go-restremer/api.getConfig (3 handlers)
[GIN-debug] GET    /api/network              --> go-restremer/api.getNetworkStats (3 handlers)
[GIN-debug] POST   /api/system/settings      --> go-restremer/api.updateSystemSettings (3 handlers)
[GIN-debug] GET    /api/debug                --> go-restremer/api.getDebugInfo (3 handlers)
[GIN-debug] [WARNING] You trusted all proxies, this is NOT safe. We recommend you to set a value.
Please check https://github.com/gin-gonic/gin/blob/master/docs/doc.md#dont-trust-all-proxies for details.
[GIN-debug] Listening and serving HTTP on :8080
